2026-04-17 14:03:20,624 [INFO] CDP connected: ws://localhost:9222/devtools/page/65D4EE63342B8EBB2646742F680D1794
2026-04-17 14:03:20,626 [INFO] CDP offset detected: x=0, y=0
2026-04-17 14:03:20,626 [INFO] Suite: task_suite_20260417_140320
2026-04-17 14:03:20,626 [INFO] Tasks: ['login', 'find-patient', 'extract-karte', 'extract-labs', 'extract-medications', 'extract-diagnoses', 'extract-allergies']
2026-04-17 14:03:21,127 [INFO] === Task: login (session=01_login) ===
2026-04-17 14:03:21,127 [INFO] === Login ===
2026-04-17 14:03:28,667 [INFO]   CDP: Login fields set (attempt 1)
2026-04-17 14:03:51,363 [INFO]   Login succeeded (attempt 1)
2026-04-17 14:03:53,360 [INFO] [1/7] login: success (30.9s)
2026-04-17 14:03:53,861 [INFO] === Task: find-patient (session=02_find-patient) ===
2026-04-17 14:03:53,861 [INFO] === Find Patient ===
2026-04-17 14:04:07,786 [INFO]   Grounding: '画面上部の患者検索入力欄（テキストボックス）' -> raw(140,100) -> pixel(268,108)
2026-04-17 14:04:08,340 [INFO]   Click pixel: (268, 108)
2026-04-17 14:04:09,993 [INFO]   Type: '00000001'
2026-04-17 14:04:24,881 [INFO]   Grounding: '「検索」ボタン' -> raw(230,100) -> pixel(441,108)
2026-04-17 14:04:25,529 [INFO]   Click pixel: (441, 108)
2026-04-17 14:04:47,386 [INFO]   Grounding: '患者一覧テーブルの最初の患者の行' -> raw(38,200) -> pixel(72,216)
2026-04-17 14:04:48,062 [INFO]   Click pixel: (72, 216)
2026-04-17 14:04:54,150 [INFO] [2/7] find-patient: success (58.21s)
2026-04-17 14:04:54,651 [INFO] === Task: extract-karte (session=03_extract-karte) ===
2026-04-17 14:04:54,651 [INFO] === Extract Karte ===
2026-04-17 14:05:35,321 [INFO] Extracted (extract_karte_scroll0): {"chief_complaint": "リハビり後、装着感ある", "hospital_course": "2026-02-18: 退院。本日用。Rp）ランソプラゾールOD15mg 1日1回 朝空腹後 28日分\n2026-02-17: 入院16日。バイタル、装感ある。内服継続\n2026-02-16: 入院15日。バイタル、装感ある。内服継続\n2026-02-15: 入院14日。バイタル、装
2026-04-17 14:05:53,914 [INFO]   Scrolling down for more data...
2026-04-17 14:05:53,914 [INFO] Scrolling: -5
2026-04-17 14:06:37,474 [INFO] Extracted (extract_karte_scroll1): {"chief_complaint": "主訴：特異なし", "hospital_course": "【入院15日目の回診】バイタルが安定、特変なし。【入院14日目の回診】症状徐々に改善傾向、SpO2やや改善。【入院13日目の回診】夜間特訴えなし、食事摂取良好。【入院12日目の回診】バイタルが安定、特変なし。訴えなし、SpO2安定。明日採血予定、朝空腹後の空腹時採血。排便1回あり、腹部膨満なし。"
2026-04-17 14:06:51,968 [INFO]   Scrolling down for more data...
2026-04-17 14:06:51,968 [INFO] Scrolling: -5
2026-04-17 14:07:27,872 [INFO] Extracted (extract_karte_scroll2): {"chief_complaint": "主訴なし。SpO2安定。", "hospital_course": "2026-02-13: 訴えなし。SpO2安定。検温実施。バイタルが安定。2026-02-12: 訴えなし。SpO2安定。明日採血予定。朝食前の空腹時採血。排便1回あり。腹部膨満なし。2026-02-11: 訴えなし。SpO2安定。朝食全量摂取。夜間良眠。2026-02-10: 訴えなし
2026-04-17 14:07:43,172 [INFO]   Scrolling down for more data...
2026-04-17 14:07:43,172 [INFO] Scrolling: -5
2026-04-17 14:08:22,406 [INFO] Extracted (extract_karte_scroll3): {"chief_complaint": "訴えなし。SpO2安定", "hospital_course": "2026-02-11: 訴えなし。SpO2安定。リハ毕後やや根部感あり。転倒注意。2026-02-10: 入院10日目回診。バイタル。2026-02-09: 入院9日回診。患者さんは穩やかな表情。SpO2やや改善。2026-02-08: 入院8日回診。症状は徐々に改善傾向。明日採血予定。朝
2026-04-17 14:08:22,406 [INFO] Total extracted (extract_karte): {"chief_complaint": "リハビり後、装着感ある\n主訴：特異なし\n主訴なし。SpO2安定。\n訴えなし。SpO2安定", "hospital_course": "2026-02-18: 退院。本日用。Rp）ランソプラゾールOD15mg 1日1回 朝空腹後 28日分\n2026-02-17: 入院16日。バイタル、装感ある。内服継続\n2026-02-16: 入院15日。バイタル
2026-04-17 14:08:28,262 [INFO] [3/7] extract-karte: success (207.76s)
2026-04-17 14:08:28,763 [INFO] === Task: extract-labs (session=04_extract-labs) ===
2026-04-17 14:08:28,764 [INFO] === Navigate to 検体検査 ===
2026-04-17 14:08:28,764 [INFO] Scrolling: 20
2026-04-17 14:08:53,380 [INFO]   Grounding: '画面上部のタブバーにある「検体検査」というテキストのタブ' -> raw(197,108) -> pixel(378,116)
2026-04-17 14:08:54,085 [INFO]   Click pixel: (378, 116)
2026-04-17 14:09:25,088 [INFO]   Tab verified: 検体検査
2026-04-17 14:09:27,088 [INFO] === Extract Labs ===
2026-04-17 14:09:57,732 [INFO] Extracted (extract_labs_scroll0): {"lab_results": [{"test_name": "AST(GOT)", "value": "16.8", "unit": "U/L", "flag": ""}, {"test_name": "ALT(GPT)", "value": "19.3", "unit": "U/L", "flag": ""}, {"test_name": "クレアチニン(Cr)", "value": "0.8
2026-04-17 14:10:14,386 [INFO]   Scrolling down for more data...
2026-04-17 14:10:14,387 [INFO] Scrolling: -5
2026-04-17 14:10:45,951 [INFO] Extracted (extract_labs_scroll1): {"lab_results": [{"test_name": "AST(GOT)", "value": "16.8", "unit": "U/L", "flag": "L"}, {"test_name": "ALT(GPT)", "value": "19.3", "unit": "U/L", "flag": "L"}, {"test_name": "クレアチニン(Cr)", "value": "0
2026-04-17 14:11:02,512 [INFO]   Scrolling down for more data...
2026-04-17 14:11:02,512 [INFO] Scrolling: -5
2026-04-17 14:11:38,154 [INFO] Extracted (extract_labs_scroll2): {"lab_results": [{"test_name": "AST(GOT)", "value": "16.8", "unit": "U/L", "flag": "H"}, {"test_name": "ALT(GPT)", "value": "19.3", "unit": "U/L", "flag": "H"}, {"test_name": "クレアチニン(Cr)", "value": "0
2026-04-17 14:11:54,971 [INFO]   No more data to scroll (3 pages read)
2026-04-17 14:11:54,971 [INFO] Total extracted (extract_labs): {"lab_results": [{"test_name": "AST(GOT)", "value": "16.8", "unit": "U/L", "flag": ""}, {"test_name": "ALT(GPT)", "value": "19.3", "unit": "U/L", "flag": ""}, {"test_name": "クレアチニン(Cr)", "value": "0.8
2026-04-17 14:12:00,633 [INFO] [4/7] extract-labs: success (206.21s)
2026-04-17 14:12:01,134 [INFO] === Task: extract-medications (session=05_extract-medications) ===
2026-04-17 14:12:01,134 [INFO] === Navigate to 処方 ===
2026-04-17 14:12:01,134 [INFO] Scrolling: 20
2026-04-17 14:12:22,368 [INFO]   Grounding: '画面上部のタブバーにある「処方」というテキストのタブ' -> raw(275,50) -> pixel(528,54)
2026-04-17 14:12:23,018 [INFO]   Click pixel: (528, 54)
2026-04-17 14:12:46,766 [WARNING]   Tab verify failed (attempt 1): expected '処方', got: {"reasoning":"The screen displays a patient's electronic medical record (カルテ) with various sections 
2026-04-17 14:12:58,739 [INFO]   Grounding: '画面上部のタブバーにある「処方」というテキストのタブ' -> raw(80,50) -> pixel(153,54)
2026-04-17 14:12:59,291 [INFO]   Click pixel: (153, 54)
2026-04-17 14:13:27,629 [WARNING]   Tab verify failed (attempt 2): expected '処方', got: {"reasoning":"The screen displays a patient record interface with various sections including patient
2026-04-17 14:13:29,630 [INFO] === Extract Meds ===
2026-04-17 14:13:49,933 [INFO] Extracted (extract_meds_scroll0): {"medications": [{"drug_name": "ランソプラゾールOD錠10", "dose": "10mg", "frequency": "1日1回 食前"}, {"drug_name": "レボパザマールOD", "dose": "0.1mg", "frequency": "1日1回 食前"}, {"drug_name": "アロ 사로ールOD", "dose": "0.2mg"
2026-04-17 14:14:09,433 [INFO]   Scrolling down for more data...
2026-04-17 14:14:09,434 [INFO] Scrolling: -5
2026-04-17 14:14:29,724 [INFO] Extracted (extract_meds_scroll1): {"medications": [{"drug_name": "ランソプラゾールOD錠10mg", "dose": "1日1回", "frequency": "食前"}]}
2026-04-17 14:14:43,657 [INFO]   Scrolling down for more data...
2026-04-17 14:14:43,657 [INFO] Scrolling: -5
2026-04-17 14:14:55,403 [INFO] Extracted (extract_meds_scroll2): {"medications": [{"drug_name": "ランソプラゾールOD tablet 10", "dose": "", "frequency": "", "precaution": "", "note": "", "etc_flag": false}]}
2026-04-17 14:15:10,196 [INFO]   Scrolling down for more data...
2026-04-17 14:15:10,196 [INFO] Scrolling: -5
2026-04-17 14:15:40,560 [INFO] Extracted (extract_meds_scroll3): {"medications": [{"drug_name": "ランソプラゾールOD剤15mg", "dose": "15mg", "frequency": "1日1回"}]}
2026-04-17 14:15:40,561 [INFO] Total extracted (extract_meds): {"medications": [{"drug_name": "ランソプラゾールOD錠10", "dose": "10mg", "frequency": "1日1回 食前"}, {"drug_name": "レボパザマールOD", "dose": "0.1mg", "frequency": "1日1回 食前"}, {"drug_name": "アロ 사로ールOD", "dose": "0.2mg"
2026-04-17 14:15:46,693 [INFO] [5/7] extract-medications: success (219.43s)
2026-04-17 14:15:47,194 [INFO] === Task: extract-diagnoses (session=06_extract-diagnoses) ===
2026-04-17 14:15:47,194 [INFO] === Navigate to 病名 ===
2026-04-17 14:15:47,194 [INFO] Scrolling: 20
2026-04-17 14:16:02,977 [INFO]   Grounding: '画面上部のタブバーにある「病名」というテキストのタブ' -> raw(170,49) -> pixel(326,52)
2026-04-17 14:16:03,530 [INFO]   Click pixel: (326, 52)
2026-04-17 14:16:29,655 [WARNING]   Tab verify failed (attempt 1): expected '病名', got: {"reasoning":"The screen displays an electronic medical record system with patient information, incl
2026-04-17 14:16:43,073 [INFO]   Grounding: '画面上部のタブバーにある「病名」というテキストのタブ' -> raw(165,51) -> pixel(316,55)
2026-04-17 14:16:43,758 [INFO]   Click pixel: (316, 55)
2026-04-17 14:17:27,373 [WARNING]   Tab verify failed (attempt 2): expected '病名', got: {
  "reasoning": "このスクリーンSHOTは電子カルテシステムの患者カルテ画面を示しています。画面上部には患者情報（石川 弘、ID:00000001）が表示され、中央にはバイタル数値（
2026-04-17 14:17:29,373 [INFO] === Extract Diagnosis ===
2026-04-17 14:17:29,374 [INFO] Scrolling: 10
2026-04-17 14:18:06,731 [INFO] Extracted (extract_diagnosis_scroll0): {"diagnoses": [{"disease_name": "2型糖尿病", "icd10_code": "E11", "status": "Active (現病)"}]}
2026-04-17 14:18:22,575 [INFO]   Scrolling down for more data...
2026-04-17 14:18:22,575 [INFO] Scrolling: -5
2026-04-17 14:18:34,840 [INFO] Extracted (extract_diagnosis_scroll1): {"diagnoses": [{"disease_name": "2型糖尿病", "icd10_code": "E11", "status": "現病"}]}
2026-04-17 14:18:50,925 [INFO]   Scrolling down for more data...
2026-04-17 14:18:50,926 [INFO] Scrolling: -5
2026-04-17 14:19:04,700 [INFO] Extracted (extract_diagnosis_scroll2): {"diagnoses": []}
2026-04-17 14:19:20,210 [INFO]   Scrolling down for more data...
2026-04-17 14:19:20,210 [INFO] Scrolling: -5
2026-04-17 14:20:05,873 [INFO] Extracted (extract_diagnosis_scroll3): {"diagnoses": [{"disease_name": "2型糖尿病", "icd10_code": "E11", "status": "Active（現病）"}]}
2026-04-17 14:20:05,873 [INFO] Total extracted (extract_diagnosis): {"diagnoses": [{"disease_name": "2型糖尿病", "icd10_code": "E11", "status": "Active (現病)"}, {"disease_name": "2型糖尿病", "icd10_code": "E11", "status": "現病"}, {"disease_name": "2型糖尿病", "icd10_code": "E11", "
2026-04-17 14:20:12,952 [INFO] [6/7] extract-diagnoses: success (258.68s)
2026-04-17 14:20:13,453 [INFO] === Task: extract-allergies (session=07_extract-allergies) ===
2026-04-17 14:20:13,453 [INFO] === Extract Allergies ===
2026-04-17 14:20:37,714 [INFO] Extracted (extract_allergies_scroll0): {"allergies": [], "note": "画面にアレルギ一情報の表示なし"}
2026-04-17 14:20:51,171 [INFO]   Scrolling down for more data...
2026-04-17 14:20:51,172 [INFO] Scrolling: -5
2026-04-17 14:21:02,191 [INFO] Extracted (extract_allergies_scroll1): {"allergies": [], "note": "画面に allergy 情報の表示なし"}
2026-04-17 14:21:14,830 [INFO]   Scrolling down for more data...
2026-04-17 14:21:14,830 [INFO] Scrolling: -5
2026-04-17 14:21:32,152 [INFO] Extracted (extract_allergies_scroll2): {"allergies": [{"substance": "ロキソプロフェン", "category": "medication"}], "note": null}
2026-04-17 14:21:49,908 [INFO]   Scrolling down for more data...
2026-04-17 14:21:49,908 [INFO] Scrolling: -5
2026-04-17 14:22:11,061 [INFO] Extracted (extract_allergies_scroll3): {"allergies": [{"substance": "ロキソプロフェン", "category": "medication"}]}
2026-04-17 14:22:11,061 [INFO] Total extracted (extract_allergies): {"allergies": [{"substance": "ロキソプロフェン", "category": "medication"}], "note": null}
2026-04-17 14:22:14,572 [INFO] [7/7] extract-allergies: success (117.61s)
2026-04-17 14:22:14,573 [INFO] ============================================================
2026-04-17 14:22:14,573 [INFO] Total duration: 1133.95s
2026-04-17 14:22:14,573 [INFO] Success: 7/7
2026-04-17 14:22:14,573 [INFO] Holo3 calls: 0, Cerebras calls: 0
2026-04-17 14:22:14,573 [INFO] Suite dir: recordings/task_suite_20260417_140320
2026-04-17 14:22:14,573 [INFO] Viewer: recordings/task_suite_20260417_140320/viewer.html
