2026-04-17 14:12:01,134 [INFO] === Task: extract-medications (session=05_extract-medications) ===
2026-04-17 14:12:01,134 [INFO] === Navigate to 処方 ===
2026-04-17 14:12:01,134 [INFO] Scrolling: 20
2026-04-17 14:12:22,368 [INFO]   Grounding: '画面上部のタブバーにある「処方」というテキストのタブ' -> raw(275,50) -> pixel(528,54)
2026-04-17 14:12:23,018 [INFO]   Click pixel: (528, 54)
2026-04-17 14:12:46,766 [WARNING]   Tab verify failed (attempt 1): expected '処方', got: {"reasoning":"The screen displays a patient's electronic medical record (カルテ) with various sections 
2026-04-17 14:12:58,739 [INFO]   Grounding: '画面上部のタブバーにある「処方」というテキストのタブ' -> raw(80,50) -> pixel(153,54)
2026-04-17 14:12:59,291 [INFO]   Click pixel: (153, 54)
2026-04-17 14:13:27,629 [WARNING]   Tab verify failed (attempt 2): expected '処方', got: {"reasoning":"The screen displays a patient record interface with various sections including patient
2026-04-17 14:13:29,630 [INFO] === Extract Meds ===
2026-04-17 14:13:49,933 [INFO] Extracted (extract_meds_scroll0): {"medications": [{"drug_name": "ランソプラゾールOD錠10", "dose": "10mg", "frequency": "1日1回 食前"}, {"drug_name": "レボパザマールOD", "dose": "0.1mg", "frequency": "1日1回 食前"}, {"drug_name": "アロ 사로ールOD", "dose": "0.2mg"
2026-04-17 14:14:09,433 [INFO]   Scrolling down for more data...
2026-04-17 14:14:09,434 [INFO] Scrolling: -5
2026-04-17 14:14:29,724 [INFO] Extracted (extract_meds_scroll1): {"medications": [{"drug_name": "ランソプラゾールOD錠10mg", "dose": "1日1回", "frequency": "食前"}]}
2026-04-17 14:14:43,657 [INFO]   Scrolling down for more data...
2026-04-17 14:14:43,657 [INFO] Scrolling: -5
2026-04-17 14:14:55,403 [INFO] Extracted (extract_meds_scroll2): {"medications": [{"drug_name": "ランソプラゾールOD tablet 10", "dose": "", "frequency": "", "precaution": "", "note": "", "etc_flag": false}]}
2026-04-17 14:15:10,196 [INFO]   Scrolling down for more data...
2026-04-17 14:15:10,196 [INFO] Scrolling: -5
2026-04-17 14:15:40,560 [INFO] Extracted (extract_meds_scroll3): {"medications": [{"drug_name": "ランソプラゾールOD剤15mg", "dose": "15mg", "frequency": "1日1回"}]}
2026-04-17 14:15:40,561 [INFO] Total extracted (extract_meds): {"medications": [{"drug_name": "ランソプラゾールOD錠10", "dose": "10mg", "frequency": "1日1回 食前"}, {"drug_name": "レボパザマールOD", "dose": "0.1mg", "frequency": "1日1回 食前"}, {"drug_name": "アロ 사로ールOD", "dose": "0.2mg"
