2026-04-17 14:15:47,194 [INFO] === Task: extract-diagnoses (session=06_extract-diagnoses) ===
2026-04-17 14:15:47,194 [INFO] === Navigate to 病名 ===
2026-04-17 14:15:47,194 [INFO] Scrolling: 20
2026-04-17 14:16:02,977 [INFO]   Grounding: '画面上部のタブバーにある「病名」というテキストのタブ' -> raw(170,49) -> pixel(326,52)
2026-04-17 14:16:03,530 [INFO]   Click pixel: (326, 52)
2026-04-17 14:16:29,655 [WARNING]   Tab verify failed (attempt 1): expected '病名', got: {"reasoning":"The screen displays an electronic medical record system with patient information, incl
2026-04-17 14:16:43,073 [INFO]   Grounding: '画面上部のタブバーにある「病名」というテキストのタブ' -> raw(165,51) -> pixel(316,55)
2026-04-17 14:16:43,758 [INFO]   Click pixel: (316, 55)
2026-04-17 14:17:27,373 [WARNING]   Tab verify failed (attempt 2): expected '病名', got: {
  "reasoning": "このスクリーンSHOTは電子カルテシステムの患者カルテ画面を示しています。画面上部には患者情報（石川 弘、ID:00000001）が表示され、中央にはバイタル数値（
2026-04-17 14:17:29,373 [INFO] === Extract Diagnosis ===
2026-04-17 14:17:29,374 [INFO] Scrolling: 10
2026-04-17 14:18:06,731 [INFO] Extracted (extract_diagnosis_scroll0): {"diagnoses": [{"disease_name": "2型糖尿病", "icd10_code": "E11", "status": "Active (現病)"}]}
2026-04-17 14:18:22,575 [INFO]   Scrolling down for more data...
2026-04-17 14:18:22,575 [INFO] Scrolling: -5
2026-04-17 14:18:34,840 [INFO] Extracted (extract_diagnosis_scroll1): {"diagnoses": [{"disease_name": "2型糖尿病", "icd10_code": "E11", "status": "現病"}]}
2026-04-17 14:18:50,925 [INFO]   Scrolling down for more data...
2026-04-17 14:18:50,926 [INFO] Scrolling: -5
2026-04-17 14:19:04,700 [INFO] Extracted (extract_diagnosis_scroll2): {"diagnoses": []}
2026-04-17 14:19:20,210 [INFO]   Scrolling down for more data...
2026-04-17 14:19:20,210 [INFO] Scrolling: -5
2026-04-17 14:20:05,873 [INFO] Extracted (extract_diagnosis_scroll3): {"diagnoses": [{"disease_name": "2型糖尿病", "icd10_code": "E11", "status": "Active（現病）"}]}
2026-04-17 14:20:05,873 [INFO] Total extracted (extract_diagnosis): {"diagnoses": [{"disease_name": "2型糖尿病", "icd10_code": "E11", "status": "Active (現病)"}, {"disease_name": "2型糖尿病", "icd10_code": "E11", "status": "現病"}, {"disease_name": "2型糖尿病", "icd10_code": "E11", "
